<?xml version="1.0" encoding="UTF-8"?>
<robot generator="Robot 7.0 (Python 3.12.2 on win32)" generated="2024-04-18T14:45:33.710533" rpa="false" schemaversion="5">
<suite id="s1" name="Testes Supernatural" source="c:\PROJETOS\Robot\Front\TestesFrontSupernatural\tests\resultados\testes_supernatural.robot">
<test id="s1-t1" name="Cenário de teste: Login administrador" line="10">
<kw name="Abrir o navegador" owner="testes_supernatural" type="SETUP">
<kw name="Open Browser" owner="SeleniumLibrary">
<msg time="2024-04-18T14:45:34.441534" level="INFO">Opening browser 'chrome' to base url 'None'.</msg>
<arg>browser=chrome</arg>
<doc>Opens a new browser instance to the optional ``url``.</doc>
<status status="PASS" start="2024-04-18T14:45:34.441534" elapsed="5.516927"/>
</kw>
<kw name="Maximize Browser Window" owner="SeleniumLibrary">
<doc>Maximizes current browser window.</doc>
<status status="PASS" start="2024-04-18T14:45:39.959459" elapsed="0.133841"/>
</kw>
<status status="PASS" start="2024-04-18T14:45:34.439539" elapsed="5.653761"/>
</kw>
<kw name="Passo 1 - Acessar a página de login qacoders academy" owner="testes_supernatural">
<kw name="Go To" owner="SeleniumLibrary">
<msg time="2024-04-18T14:45:40.098286" level="INFO">Opening url 'https://automacao.qacoders-academy.com.br/login'</msg>
<arg>url=${URL}</arg>
<doc>Navigates the current browser window to the provided ``url``.</doc>
<status status="PASS" start="2024-04-18T14:45:40.097290" elapsed="2.474312"/>
</kw>
<status status="PASS" start="2024-04-18T14:45:40.095297" elapsed="2.476305"/>
</kw>
<kw name="Passo 2 - Digitar um email" owner="testes_supernatural">
<kw name="Wait Until Element Is Visible" owner="SeleniumLibrary">
<arg>locator=${emailInput}</arg>
<doc>Waits until the element ``locator`` is visible.</doc>
<status status="PASS" start="2024-04-18T14:45:42.577304" elapsed="0.261995"/>
</kw>
<kw name="Input Text" owner="SeleniumLibrary">
<msg time="2024-04-18T14:45:42.840296" level="INFO">Typing text 'sysadmin@qacoders.com' into text field '//input[contains(@type,'text')]'.</msg>
<arg>locator=${emailInput}</arg>
<arg>text=${EMAIL}</arg>
<doc>Types the given ``text`` into the text field identified by ``locator``.</doc>
<status status="PASS" start="2024-04-18T14:45:42.839299" elapsed="0.270021"/>
</kw>
<status status="PASS" start="2024-04-18T14:45:42.576309" elapsed="0.533011"/>
</kw>
<kw name="Passo 3 - Digitar uma senha" owner="testes_supernatural">
<kw name="Wait Until Element Is Visible" owner="SeleniumLibrary">
<arg>locator=${senhaInput}</arg>
<doc>Waits until the element ``locator`` is visible.</doc>
<status status="PASS" start="2024-04-18T14:45:43.112316" elapsed="0.048212"/>
</kw>
<kw name="Input Password" owner="SeleniumLibrary">
<msg time="2024-04-18T14:45:43.161525" level="INFO">Typing password into text field '//input[contains(@type,'password')]'.</msg>
<msg time="2024-04-18T14:45:43.223365" level="INFO">Temporally setting log level to: NONE</msg>
<arg>locator=${senhaInput}</arg>
<arg>password=${PASSWORD}</arg>
<doc>Types the given password into the text field identified by ``locator``.</doc>
<status status="PASS" start="2024-04-18T14:45:43.160528" elapsed="0.171395"/>
</kw>
<status status="PASS" start="2024-04-18T14:45:43.111315" elapsed="0.221607"/>
</kw>
<kw name="Passo 4 - Clicar em cadastrarButton" owner="testes_supernatural">
<kw name="Wait Until Element Is Visible" owner="SeleniumLibrary">
<arg>locator=${cadastrarButton}</arg>
<doc>Waits until the element ``locator`` is visible.</doc>
<status status="PASS" start="2024-04-18T14:45:43.336910" elapsed="0.042885"/>
</kw>
<kw name="Click Button" owner="SeleniumLibrary">
<msg time="2024-04-18T14:45:43.380792" level="INFO">Clicking button '//button[@class='MuiButtonBase-root MuiButton-root MuiButton-contained MuiButton-containedOrange MuiButton-sizeMedium MuiButton-containedSizeMedium MuiButton-root MuiButton-contained MuiButton-containedOrange MuiButton-sizeMedium MuiButton-containedSizeMedium css-ojf4v2'][contains(.,'Entrar')]'.</msg>
<arg>locator=${cadastrarButton}</arg>
<doc>Clicks the button identified by ``locator``.</doc>
<status status="PASS" start="2024-04-18T14:45:43.379795" elapsed="0.138416"/>
</kw>
<status status="PASS" start="2024-04-18T14:45:43.334948" elapsed="0.184409"/>
</kw>
<kw name="Validar redirecionamento para a página Home" owner="testes_supernatural">
<kw name="Wait Until Element Is Visible" owner="SeleniumLibrary">
<arg>locator=${homeElement}</arg>
<arg>timeout=10s</arg>
<doc>Waits until the element ``locator`` is visible.</doc>
<status status="PASS" start="2024-04-18T14:45:43.523196" elapsed="3.162263"/>
</kw>
<status status="PASS" start="2024-04-18T14:45:43.522198" elapsed="3.164257"/>
</kw>
<kw name="Fechar o navegador" owner="testes_supernatural" type="TEARDOWN">
<kw name="Close Browser" owner="SeleniumLibrary">
<doc>Closes the current browser.</doc>
<status status="PASS" start="2024-04-18T14:45:46.690445" elapsed="2.350063"/>
</kw>
<status status="PASS" start="2024-04-18T14:45:46.689448" elapsed="2.352072"/>
</kw>
<status status="PASS" start="2024-04-18T14:45:34.438542" elapsed="14.607953"/>
</test>
<status status="PASS" start="2024-04-18T14:45:33.725493" elapsed="15.345933"/>
</suite>
<statistics>
<total>
<stat pass="1" fail="0" skip="0">All Tests</stat>
</total>
<tag>
</tag>
<suite>
<stat pass="1" fail="0" skip="0" id="s1" name="Testes Supernatural">Testes Supernatural</stat>
</suite>
</statistics>
<errors>
</errors>
</robot>
